(diane)Running: start_machine      [ exec-time = 0.000 ms ]
(diane)Running: boil_water         [ exec-time = 0.000 ms ]
(diane)Running: make_coffee        [ exec-time = 2.005 ms ]
(diane)Running: start_machine      [ exec-time = 0.000 ms ]
(diane)Running: boil_water         [ exec-time = 0.000 ms ]
(diane)Running: make_coffee        [ exec-time = 2.008 ms ]
(diane)Running: start_machine      [ exec-time = 0.000 ms ]
(diane)Running: boil_water         [ exec-time = 0.000 ms ]
(diane)Running: make_coffee        [ exec-time = 2.005 ms ]
(diane)Running: start_machine      [ exec-time = 0.000 ms ]
(diane)Running: boil_water         [ exec-time = 0.000 ms ]
(diane)Running: make_coffee        [ exec-time = 2.005 ms ]
(diane)Running: start_machine      [ exec-time = 0.000 ms ]
(diane)Running: make_coffee        [ exec-time = 0.000 ms ]
(diane)Running: start_machine      [ exec-time = 0.000 ms ]
(diane)Running: make_coffee        [ exec-time = 0.000 ms ]
(diane)Running: add_water          [ exec-time = 5.005 ms ]
(diane)Running: start_machine      [ exec-time = 0.059 ms ]
(diane)Running: boil_water         [ exec-time = 0.148 ms ]
(diane)Running: make_coffee        [ exec-time = 2.005 s ]
(diane)Running: start_machine      [ exec-time = 0.070 ms ]
(diane)Running: boil_water         [ exec-time = 0.127 ms ]
(diane)Running: make_coffee        [ exec-time = 2.005 s ]
(diane)Running: start_machine      [ exec-time = 0.062 ms ]
(diane)Running: boil_water         [ exec-time = 0.127 ms ]
(diane)Running: make_coffee        [ exec-time = 2.005 s ]
(diane)Running: start_machine      [ exec-time = 0.063 ms ]
(diane)Running: boil_water         [ exec-time = 0.127 ms ]
(diane)Running: make_coffee        [ exec-time = 2.005 s ]
(diane)Running: start_machine      [ exec-time = 0.087 ms ]
(diane)Running: make_coffee        [ exec-time = 0.248 ms ]
(diane)Running: start_machine      [ exec-time = 0.077 ms ]
(diane)Running: make_coffee        [ exec-time = 0.221 ms ]
(diane)Running: add_water          [ exec-time = 1.001 s ]
